<?xml version="1.0" encoding="UTF-8"?>
<!-- Generated by org.testng.reporters.JUnitXMLReporter -->
<testsuite ignored="0" hostname="DESKTOP-RL6VASP" failures="0" tests="2" name="Test" time="86.746" errors="0" timestamp="2024-02-17T18:45:28 IST">
  <testcase classname="com.automation.testscripts.in.TestCase1_CountProductCompareTab" name="clickOnItem" time="36.065"/>
  <testcase classname="com.automation.testscripts.in.TestCase2_CountProductOverpriced" name="OverPriced" time="30.533"/>
</testsuite> <!-- Test -->
